DEBUG: Login request data: {'email': 'superadmin@sentinelle.tn', 'password': 'Sentinelle2026!'}
DEBUG: Login request data: {'email': 'admin@sentinelle.tn', 'password': 'Sentinelle2026!'}
DEBUG: Login request data: {'email': 'superadmin@sentinelle.tn', 'password': 'Sentinelle2026!'}
DEBUG: Login request data: {'email': 'superadmin@sentinelle.tn', 'password': 'Sentinelle2026!'}
DEBUG: Login request data: {'email': 'superadmin@sentinelle.tn', 'password': 'msi'}
DEBUG: Login request data: {'email': 'superadmin@sentinelle.tn', 'password': 'msi'}
DEBUG: Login request data: {'email': 'msi@sentinelle.tn', 'password': 'msi'}
DEBUG: Login request data: {'email': 'msi@sentinelle.tn', 'password': 'msi'}
DEBUG: Login request data: {'email': 'msi@sentinelle.tn', 'password': 'msi'}
DEBUG: Login request data: {'email': 'msi@sentinelle.tn', 'password': 'msi'}
DEBUG: Login request data: {'email': 'msi@sentinelle.com', 'password': 'msi'}
DEBUG: Login request data: {'email': 'msi@sentinelle.com', 'password': 'msi'}
DEBUG: Login request data: {'email': 'msi@sentinelle.com', 'password': 'msi'}
DEBUG: Login request data: {'email': 'msi@sentinelle.tn', 'password': 'msi'}
DEBUG: Login request data: {'email': 'msi@sentinelle.tn', 'password': 'msi'}
DEBUG: Login request data: {'email': 'msi@sentinelle.tn', 'password': 'msi'}
DEBUG: Login request data: {'email': 'msi@sentinelle.tn', 'password': 'msi'}
DEBUG: Login request data: {'email': 'medbouzid1234567@gmail.com', 'password': 'lolalola'}
DEBUG: Login request data: {'email': 'medbouzid1234567@gmail.com', 'password': 'AZER123?'}
DEBUG: Login request data: {'email': 'medbouzid1234567@gmail.com', 'password': 'lolla'}
DEBUG: Login request data: {'email': 'medbouzid1234567@gmail.com', 'password': 'lolalola'}
DEBUG: Login request data: {'email': 'msi@sentinelle.tn', 'password': 'msi'}
DEBUG: Login request data: {'email': 'medbouzid1234567@gmail.com', 'password': 'lolalola'}
DEBUG: Login request data: {'email': 'msi@sentinelle.com', 'password': 'msi'}
DEBUG: Login request data: {'email': 'msi@sentinelle.tn', 'password': 'msi'}
DEBUG: Login request data: {'email': 'medbouzid1234567@gmail.com', 'password': 'lolalola'}
DEBUG: Login request data: {'email': 'medbouzid1234567@gmail.com', 'password': 'lolalola'}
DEBUG: Login request data: {'email': 'msi@sentinelle.tn', 'password': 'msi'}
DEBUG: Login request data: {'email': 'msi@sentinelle.tn', 'password': 'msi'}
DEBUG: Login request data: {'email': 'msi@sentinelle.com', 'password': 'msi'}
DEBUG: Login request data: {'email': 'msi@sentinelle.tn', 'password': 'msi'}
DEBUG: Login request data: {'email': 'medbouzid1234567@gmail.com', 'password': 'lolalola'}
DEBUG: Login request data: {'email': 'msi@sentinelle.com', 'password': 'msi'}
DEBUG: Login request data: {'email': 'msi@sentinelle.tn', 'password': 'msi'}
DEBUG: Login request data: {'email': 'medbouzid1234567@gmail.com', 'password': 'lolalola'}
DEBUG: Login request data: {'email': 'medbouzid1234567@gmail.com', 'password': 'lola:lola'}
DEBUG: Login request data: {'email': 'medbouzid1234567@gmail.com', 'password': 'lolalola'}
DEBUG: Login request data: {'email': 'msi@sentinelle.tn', 'password': 'msi'}
DEBUG: Login request data: {'email': 'medbouzid1234567@gmail.com', 'password': 'lolalola'}
